c:\users\big d\dropbox\spring 2017\cs3385\visual studio projects\turn in files\advanceddatastructuresandalgorithms\project2\project2\x64\debug\vc141.pdb
c:\users\big d\dropbox\spring 2017\cs3385\visual studio projects\turn in files\advanceddatastructuresandalgorithms\project2\project2\x64\debug\vc141.idb
c:\users\big d\dropbox\spring 2017\cs3385\visual studio projects\turn in files\advanceddatastructuresandalgorithms\project2\project2\x64\debug\main.obj
c:\users\big d\dropbox\spring 2017\cs3385\visual studio projects\turn in files\advanceddatastructuresandalgorithms\project2\project2\x64\debug\mergesort.obj
c:\users\big d\dropbox\spring 2017\cs3385\visual studio projects\turn in files\advanceddatastructuresandalgorithms\project2\x64\debug\project2.exe
c:\users\big d\dropbox\spring 2017\cs3385\visual studio projects\turn in files\advanceddatastructuresandalgorithms\project2\x64\debug\project2.ilk
c:\users\big d\dropbox\spring 2017\cs3385\visual studio projects\turn in files\advanceddatastructuresandalgorithms\project2\x64\debug\project2.pdb
c:\users\big d\dropbox\spring 2017\cs3385\visual studio projects\turn in files\advanceddatastructuresandalgorithms\project2_mergesort\project2\x64\debug\main.obj
c:\users\big d\dropbox\spring 2017\cs3385\visual studio projects\turn in files\advanceddatastructuresandalgorithms\project2_mergesort\project2\x64\debug\mergesort.obj
c:\users\big d\dropbox\spring 2017\cs3385\visual studio projects\turn in files\advanceddatastructuresandalgorithms\project2_mergesort\project2\x64\debug\vc141.idb
c:\users\big d\dropbox\spring 2017\cs3385\visual studio projects\turn in files\advanceddatastructuresandalgorithms\project2_mergesort\project2\x64\debug\vc141.pdb
c:\users\big d\dropbox\spring 2017\cs3385\visual studio projects\turn in files\advanceddatastructuresandalgorithms\project2_mergesort\x64\debug\project2.pdb
c:\users\big d\dropbox\spring 2017\cs3385\visual studio projects\turn in files\advanceddatastructuresandalgorithms\project2_mergesort\x64\debug\project2.exe
c:\users\big d\dropbox\spring 2017\cs3385\visual studio projects\turn in files\advanceddatastructuresandalgorithms\project2_mergesort\x64\debug\project2.ilk
c:\users\big d\dropbox\spring 2017\cs3385\visual studio projects\turn in files\advanceddatastructuresandalgorithms\project2_mergesort\project2\x64\debug\project2.tlog\cl.command.1.tlog
c:\users\big d\dropbox\spring 2017\cs3385\visual studio projects\turn in files\advanceddatastructuresandalgorithms\project2_mergesort\project2\x64\debug\project2.tlog\cl.read.1.tlog
c:\users\big d\dropbox\spring 2017\cs3385\visual studio projects\turn in files\advanceddatastructuresandalgorithms\project2_mergesort\project2\x64\debug\project2.tlog\cl.write.1.tlog
c:\users\big d\dropbox\spring 2017\cs3385\visual studio projects\turn in files\advanceddatastructuresandalgorithms\project2_mergesort\project2\x64\debug\project2.tlog\link.command.1.tlog
c:\users\big d\dropbox\spring 2017\cs3385\visual studio projects\turn in files\advanceddatastructuresandalgorithms\project2_mergesort\project2\x64\debug\project2.tlog\link.read.1.tlog
c:\users\big d\dropbox\spring 2017\cs3385\visual studio projects\turn in files\advanceddatastructuresandalgorithms\project2_mergesort\project2\x64\debug\project2.tlog\link.write.1.tlog
