c:\users\cameron davis\dropbox\spring 2017\cs3385\visual studio projects\turn in files\project431\project431\debug\vc140.pdb
c:\users\cameron davis\dropbox\spring 2017\cs3385\visual studio projects\turn in files\project431\project431\debug\vc140.idb
c:\users\cameron davis\dropbox\spring 2017\cs3385\visual studio projects\turn in files\project431\project431\debug\main.obj
c:\users\cameron davis\dropbox\spring 2017\cs3385\visual studio projects\turn in files\project431\project431\debug\huffman.obj
c:\users\cameron davis\dropbox\spring 2017\cs3385\visual studio projects\turn in files\project431\debug\project431.ilk
c:\users\cameron davis\dropbox\spring 2017\cs3385\visual studio projects\turn in files\project431\debug\project431.exe
c:\users\cameron davis\dropbox\spring 2017\cs3385\visual studio projects\turn in files\project431\debug\project431.pdb
c:\users\cameron\dropbox\spring 2017\cs3385\visual studio projects\turn in files\project431\project431\debug\huffman.obj
c:\users\cameron\dropbox\spring 2017\cs3385\visual studio projects\turn in files\project431\project431\debug\main.obj
c:\users\cameron\dropbox\spring 2017\cs3385\visual studio projects\turn in files\project431\project431\debug\vc140.idb
c:\users\cameron\dropbox\spring 2017\cs3385\visual studio projects\turn in files\project431\project431\debug\vc140.pdb
c:\users\cameron\dropbox\spring 2017\cs3385\visual studio projects\turn in files\project431\debug\project431.pdb
c:\users\cameron\dropbox\spring 2017\cs3385\visual studio projects\turn in files\project431\debug\project431.exe
c:\users\cameron\dropbox\spring 2017\cs3385\visual studio projects\turn in files\project431\debug\project431.ilk
c:\users\cameron\dropbox\spring 2017\cs3385\visual studio projects\turn in files\project431\project431\debug\project431.tlog\cl.command.1.tlog
c:\users\cameron\dropbox\spring 2017\cs3385\visual studio projects\turn in files\project431\project431\debug\project431.tlog\cl.read.1.tlog
c:\users\cameron\dropbox\spring 2017\cs3385\visual studio projects\turn in files\project431\project431\debug\project431.tlog\cl.write.1.tlog
c:\users\cameron\dropbox\spring 2017\cs3385\visual studio projects\turn in files\project431\project431\debug\project431.tlog\link.command.1.tlog
c:\users\cameron\dropbox\spring 2017\cs3385\visual studio projects\turn in files\project431\project431\debug\project431.tlog\link.read.1.tlog
c:\users\cameron\dropbox\spring 2017\cs3385\visual studio projects\turn in files\project431\project431\debug\project431.tlog\link.write.1.tlog
